{"level":"error","message":{"controller":"token verification","method":"","terror":"Invalid Token for /getorders?&lender_name=Swati%20Verma&sortByOrder=-order_number"}}
{"level":"info","message":{"controller":"token verification","terror":"token verification done"}}
{"level":"info","message":{"controller":"token verification","terror":"token verification done"}}
{"level":"info","message":{"controller":"token verification","terror":"token verification done"}}
{"level":"info","message":{"controller":"token verification","terror":"token verification done"}}
{"level":"info","message":{"controller":"token verification","terror":"token verification done"}}
{"level":"info","message":{"controller":"token verification","terror":"token verification done"}}
{"level":"info","message":{"controller":"token verification","terror":"token verification done"}}
{"level":"info","message":{"controller":"token verification","terror":"token verification done"}}
{"level":"info","message":{"controller":"token verification","terror":"token verification done"}}
{"level":"info","message":{"controller":"token verification","terror":"token verification done"}}
{"level":"info","message":{"controller":"token verification","terror":"token verification done"}}
{"level":"info","message":{"controller":"token verification","terror":"token verification done"}}
{"level":"info","message":{"controller":"token verification","terror":"token verification done"}}
{"level":"info","message":{"controller":"token verification","terror":"token verification done"}}
{"level":"info","message":{"controller":"token verification","terror":"token verification done"}}
{"level":"info","message":{"controller":"token verification","terror":"token verification done"}}
{"level":"info","message":{"controller":"token verification","terror":"token verification done"}}
{"level":"info","message":{"controller":"token verification","terror":"token verification done"}}
{"level":"info","message":{"controller":"token verification","terror":"token verification done"}}
{"level":"info","message":{"controller":"token verification","terror":"token verification done"}}
{"level":"info","message":{"controller":"token verification","terror":"token verification done"}}
{"level":"info","message":{"controller":"token verification","terror":"token verification done"}}
{"level":"info","message":{"controller":"token verification","terror":"token verification done"}}
{"level":"info","message":{"controller":"token verification","terror":"token verification done"}}
{"level":"info","message":{"controller":"token verification","terror":"token verification done"}}
{"level":"info","message":{"controller":"token verification","terror":"token verification done"}}
{"level":"info","message":{"controller":"token verification","terror":"token verification done"}}
{"level":"info","message":{"controller":"token verification","terror":"token verification done"}}
{"level":"info","message":{"controller":"token verification","terror":"token verification done"}}
{"level":"info","message":{"controller":"token verification","terror":"token verification done"}}
{"level":"info","message":{"controller":"token verification","terror":"token verification done"}}
{"level":"info","message":{"controller":"token verification","terror":"token verification done"}}
{"level":"info","message":{"controller":"token verification","terror":"token verification done"}}
{"level":"info","message":{"controller":"token verification","terror":"token verification done"}}
{"level":"info","message":{"controller":"token verification","terror":"token verification done"}}
{"level":"info","message":{"controller":"token verification","terror":"token verification done"}}
{"level":"info","message":{"controller":"token verification","terror":"token verification done"}}
{"level":"info","message":{"controller":"token verification","terror":"token verification done"}}
{"level":"info","message":{"controller":"token verification","terror":"token verification done"}}
{"level":"info","message":{"controller":"token verification","terror":"token verification done"}}
{"level":"info","message":{"controller":"token verification","terror":"token verification done"}}
{"level":"info","message":{"controller":"token verification","terror":"token verification done"}}
{"level":"info","message":{"controller":"token verification","terror":"token verification done"}}
{"level":"info","message":{"controller":"token verification","terror":"token verification done"}}
{"level":"info","message":{"controller":"token verification","terror":"token verification done"}}
{"level":"info","message":{"controller":"token verification","terror":"token verification done"}}
{"level":"info","message":{"controller":"token verification","terror":"token verification done"}}
{"level":"info","message":{"controller":"token verification","terror":"token verification done"}}
{"level":"info","message":{"controller":"token verification","terror":"token verification done"}}
{"level":"info","message":{"controller":"token verification","terror":"token verification done"}}
{"level":"info","message":{"controller":"token verification","terror":"token verification done"}}
{"level":"info","message":{"controller":"token verification","terror":"token verification done"}}
{"level":"info","message":{"controller":"token verification","terror":"token verification done"}}
{"level":"info","message":{"controller":"token verification","terror":"token verification done"}}
{"level":"error","message":{"controller":"token verification","method":"","terror":"Invalid Token for /getorders?&sortByOrder=-order_number"}}
{"level":"info","message":{"controller":"token verification","terror":"token verification done"}}
{"level":"info","message":{"controller":"token verification","terror":"token verification done"}}
{"level":"info","message":{"controller":"token verification","terror":"token verification done"}}
{"level":"info","message":{"controller":"token verification","terror":"token verification done"}}
{"level":"info","message":{"controller":"token verification","terror":"token verification done"}}
{"level":"info","message":{"controller":"token verification","terror":"token verification done"}}
{"level":"info","message":{"controller":"token verification","terror":"token verification done"}}
{"level":"info","message":{"controller":"token verification","terror":"token verification done"}}
{"level":"info","message":{"controller":"token verification","terror":"token verification done"}}
{"level":"error","message":{"controller":"token verification","method":"","terror":"Invalid Token for /getorders?&lender_name=swati&sortByOrder=-order_number"}}
{"level":"info","message":{"controller":"token verification","terror":"token verification done"}}
{"level":"info","message":{"controller":"token verification","terror":"token verification done"}}
{"level":"info","message":{"controller":"token verification","terror":"token verification done"}}
{"level":"info","message":{"controller":"token verification","terror":"token verification done"}}
{"level":"info","message":{"controller":"token verification","terror":"token verification done"}}
{"level":"info","message":{"controller":"token verification","terror":"token verification done"}}
{"level":"info","message":{"controller":"token verification","terror":"token verification done"}}
{"level":"info","message":{"controller":"token verification","terror":"token verification done"}}
{"level":"info","message":{"controller":"token verification","terror":"token verification done"}}
{"level":"info","message":{"controller":"token verification","terror":"token verification done"}}
{"level":"info","message":{"controller":"token verification","terror":"token verification done"}}
{"level":"info","message":{"controller":"token verification","terror":"token verification done"}}
{"level":"error","message":{"controller":"token verification","method":"","terror":"Invalid Token for /getorders?&sortByOrder=-order_number"}}
{"level":"info","message":{"controller":"token verification","terror":"token verification done"}}
{"level":"info","message":{"controller":"token verification","terror":"token verification done"}}
{"level":"info","message":{"controller":"token verification","terror":"token verification done"}}
{"level":"info","message":{"controller":"token verification","terror":"token verification done"}}
{"level":"info","message":{"controller":"token verification","terror":"token verification done"}}
{"level":"info","message":{"controller":"token verification","terror":"token verification done"}}
{"level":"info","message":{"controller":"token verification","terror":"token verification done"}}
{"level":"info","message":{"controller":"token verification","terror":"token verification done"}}
{"level":"error","message":{"controller":"token verification","method":"","terror":"Invalid Token for /getorders?&sortByOrder=-order_number"}}
{"level":"error","message":{"controller":"token verification","method":"","terror":"Invalid Token for /getorders?&sortByOrder=-order_number"}}
{"level":"info","message":{"controller":"token verification","terror":"token verification done"}}
{"level":"info","message":{"controller":"token verification","terror":"token verification done"}}
{"level":"info","message":{"controller":"token verification","terror":"token verification done"}}
{"level":"info","message":{"controller":"token verification","terror":"token verification done"}}
{"level":"info","message":{"controller":"token verification","terror":"token verification done"}}
{"level":"info","message":{"controller":"token verification","terror":"token verification done"}}
{"level":"info","message":{"controller":"token verification","terror":"token verification done"}}
{"level":"info","message":{"controller":"token verification","terror":"token verification done"}}
{"level":"info","message":{"controller":"token verification","terror":"token verification done"}}
{"level":"info","message":{"controller":"token verification","terror":"token verification done"}}
{"level":"info","message":{"controller":"token verification","terror":"token verification done"}}
{"level":"info","message":{"controller":"token verification","terror":"token verification done"}}
{"level":"info","message":{"controller":"token verification","terror":"token verification done"}}
{"level":"info","message":{"controller":"token verification","terror":"token verification done"}}
{"level":"info","message":{"controller":"token verification","terror":"token verification done"}}
{"level":"info","message":{"controller":"token verification","terror":"token verification done"}}
{"level":"info","message":{"controller":"token verification","terror":"token verification done"}}
{"level":"info","message":{"controller":"token verification","terror":"token verification done"}}
{"level":"error","message":{"controller":"token verification","method":"","terror":"Invalid Token for /getorders?&lender_name=swati&sortByOrder=-order_number"}}
{"level":"info","message":{"controller":"token verification","terror":"token verification done"}}
{"level":"info","message":{"controller":"token verification","terror":"token verification done"}}
{"level":"info","message":{"controller":"token verification","terror":"token verification done"}}
{"level":"info","message":{"controller":"token verification","terror":"token verification done"}}
{"level":"info","message":{"controller":"token verification","terror":"token verification done"}}
{"level":"info","message":{"controller":"token verification","terror":"token verification done"}}
{"level":"info","message":{"controller":"token verification","terror":"token verification done"}}
{"level":"info","message":{"controller":"token verification","terror":"token verification done"}}
{"level":"info","message":{"controller":"token verification","terror":"token verification done"}}
{"level":"info","message":{"controller":"token verification","terror":"token verification done"}}
{"level":"info","message":{"controller":"token verification","terror":"token verification done"}}
{"level":"info","message":{"controller":"token verification","terror":"token verification done"}}
{"level":"info","message":{"controller":"token verification","terror":"token verification done"}}
{"level":"error","message":{"controller":"token verification","method":"","terror":"Invalid Token for /getorders?&sortByOrder=-order_number"}}
{"level":"info","message":{"controller":"token verification","terror":"token verification done"}}
{"level":"info","message":{"controller":"token verification","terror":"token verification done"}}
{"level":"info","message":{"controller":"token verification","terror":"token verification done"}}
{"level":"info","message":{"controller":"token verification","terror":"token verification done"}}
{"level":"info","message":{"controller":"token verification","terror":"token verification done"}}
{"level":"info","message":{"controller":"token verification","terror":"token verification done"}}
{"level":"info","message":{"controller":"token verification","terror":"token verification done"}}
{"level":"info","message":{"controller":"token verification","terror":"token verification done"}}
{"level":"info","message":{"controller":"token verification","terror":"token verification done"}}
{"level":"info","message":{"controller":"token verification","terror":"token verification done"}}
{"level":"info","message":{"controller":"token verification","terror":"token verification done"}}
{"level":"info","message":{"controller":"token verification","terror":"token verification done"}}
{"level":"info","message":{"controller":"token verification","terror":"token verification done"}}
{"level":"info","message":{"controller":"token verification","terror":"token verification done"}}
{"level":"info","message":{"controller":"token verification","terror":"token verification done"}}
{"level":"info","message":{"controller":"token verification","terror":"token verification done"}}
{"level":"info","message":{"controller":"token verification","terror":"token verification done"}}
{"level":"error","message":{"controller":"token verification","method":"","terror":"Invalid Token for /getorders?&start_date=2023-11-01T00:00:00.000Z&end_date=2023-11-25T23:59:59.000Z&sortByOrder=-order_number"}}
{"level":"info","message":{"controller":"token verification","terror":"token verification done"}}
{"level":"info","message":{"controller":"token verification","terror":"token verification done"}}
{"level":"info","message":{"controller":"token verification","terror":"token verification done"}}
{"level":"info","message":{"controller":"token verification","terror":"token verification done"}}
{"level":"info","message":{"controller":"token verification","terror":"token verification done"}}
{"level":"info","message":{"controller":"token verification","terror":"token verification done"}}
{"level":"info","message":{"controller":"token verification","terror":"token verification done"}}
{"level":"info","message":{"controller":"token verification","terror":"token verification done"}}
{"level":"info","message":{"controller":"token verification","terror":"token verification done"}}
{"level":"info","message":{"controller":"token verification","terror":"token verification done"}}
{"level":"info","message":{"controller":"token verification","terror":"token verification done"}}
{"level":"info","message":{"controller":"token verification","terror":"token verification done"}}
{"level":"info","message":{"controller":"token verification","terror":"token verification done"}}
{"level":"info","message":{"controller":"token verification","terror":"token verification done"}}
{"level":"info","message":{"controller":"token verification","terror":"token verification done"}}
{"level":"info","message":{"controller":"token verification","terror":"token verification done"}}
{"level":"info","message":{"controller":"token verification","terror":"token verification done"}}
{"level":"info","message":{"controller":"token verification","terror":"token verification done"}}
{"level":"info","message":{"controller":"token verification","terror":"token verification done"}}
{"level":"info","message":{"controller":"token verification","terror":"token verification done"}}
{"level":"info","message":{"controller":"token verification","terror":"token verification done"}}
{"level":"info","message":{"controller":"token verification","terror":"token verification done"}}
{"level":"info","message":{"controller":"token verification","terror":"token verification done"}}
{"level":"info","message":{"controller":"token verification","terror":"token verification done"}}
{"level":"info","message":{"controller":"token verification","terror":"token verification done"}}
{"level":"info","message":{"controller":"token verification","terror":"token verification done"}}
{"level":"info","message":{"controller":"token verification","terror":"token verification done"}}
{"level":"info","message":{"controller":"token verification","terror":"token verification done"}}
{"level":"info","message":{"controller":"token verification","terror":"token verification done"}}
{"level":"info","message":{"controller":"token verification","terror":"token verification done"}}
{"level":"info","message":{"controller":"token verification","terror":"token verification done"}}
{"level":"info","message":{"controller":"token verification","terror":"token verification done"}}
{"level":"info","message":{"controller":"token verification","terror":"token verification done"}}
{"level":"info","message":{"controller":"token verification","terror":"token verification done"}}
{"level":"info","message":{"controller":"token verification","terror":"token verification done"}}
{"level":"info","message":{"controller":"token verification","terror":"token verification done"}}
{"level":"info","message":{"controller":"token verification","terror":"token verification done"}}
{"level":"info","message":{"controller":"token verification","terror":"token verification done"}}
{"level":"info","message":{"controller":"token verification","terror":"token verification done"}}
{"level":"info","message":{"controller":"token verification","terror":"token verification done"}}
{"level":"info","message":{"controller":"token verification","terror":"token verification done"}}
{"level":"info","message":{"controller":"token verification","terror":"token verification done"}}
{"level":"info","message":{"controller":"token verification","terror":"token verification done"}}
{"level":"info","message":{"controller":"token verification","terror":"token verification done"}}
{"level":"info","message":{"controller":"token verification","terror":"token verification done"}}
{"level":"info","message":{"controller":"token verification","terror":"token verification done"}}
{"level":"info","message":{"controller":"token verification","terror":"token verification done"}}
{"level":"info","message":{"controller":"token verification","terror":"token verification done"}}
{"level":"info","message":{"controller":"token verification","terror":"token verification done"}}
{"level":"info","message":{"controller":"token verification","terror":"token verification done"}}
